<?xml version="1.0" encoding="utf-8"?>
<TestRun id="8fdb30d9-801d-4136-8ef4-bbcc0ee77238" name="@Peters-MBP 2023-04-05 22:21:59" xmlns="http://microsoft.com/schemas/VisualStudio/TeamTest/2010">
  <Times creation="2023-04-05T22:21:59.9601760+02:00" queuing="2023-04-05T22:21:59.9601760+02:00" start="2023-04-05T22:21:58.0358190+02:00" finish="2023-04-05T22:21:59.9610200+02:00" />
  <TestSettings name="default" id="ae017ca0-1af2-49dd-a603-9f2eab8a4f5a">
    <Deployment runDeploymentRoot="_Peters-MBP_2023-04-05_22_21_59" />
  </TestSettings>
  <TestLists>
    <TestList name="Results Not in a List" id="8c84fa94-04c1-424b-9868-57a2d4851a1d" />
    <TestList name="All Loaded Results" id="19431567-8539-422a-85d7-44ee4e166bda" />
  </TestLists>
  <ResultSummary outcome="Completed">
    <Counters total="0" executed="0" passed="0" failed="0" error="0" timeout="0" aborted="0" inconclusive="0" passedButRunAborted="0" notRunnable="0" notExecuted="0" disconnected="0" warning="0" completed="0" inProgress="0" pending="0" />
    <Output>
      <StdOut>[xUnit.net 00:00:00.00] xUnit.net VSTest Adapter v2.4.5+1caef2f33e (64-bit .NET 7.0.4)
[xUnit.net 00:00:00.77]   Discovering: App.UnitTests
[xUnit.net 00:00:00.82]   Discovered:  App.UnitTests
[xUnit.net 00:00:00.83]   Starting:    App.UnitTests
[xUnit.net 00:00:00.86]   Finished:    App.UnitTests
</StdOut>
    </Output>
    <RunInfos>
      <RunInfo computerName="Peters-MBP" outcome="Warning" timestamp="2023-04-05T22:21:59.7545840+02:00">
        <Text>No test matches the given testcase filter `(FullyQualifiedName=Tests.My test)` in /Users/phj/Code/F-Sharp-Advent-of-Code-2021/DependencyInjectionAndTests/App.UnitTests/bin/Debug/net7.0/App.UnitTests.dll</Text>
      </RunInfo>
    </RunInfos>
  </ResultSummary>
</TestRun>